<?xml version="1.0" encoding="UTF-8"?>
<Site BuildName="(empty)"
	BuildStamp="20260706-1103-Experimental"
	Name="(empty)"
	Generator="ctest-3.28.3"
	CompilerName=""
	CompilerVersion=""
	OSName="Linux"
	Hostname="niel-fzu"
	OSRelease="6.17.0-1008-oem"
	OSVersion="#8-Ubuntu SMP PREEMPT_DYNAMIC Wed Dec 10 05:19:21 UTC 2025"
	OSPlatform="x86_64"
	Is64Bits="1"
	VendorString="AuthenticAMD"
	VendorID="Advanced Micro Devices"
	FamilyID="26"
	ModelID="96"
	ProcessorCacheSize="1024"
	NumberOfLogicalCPU="16"
	NumberOfPhysicalCPU="8"
	TotalVirtualMemory="32767"
	TotalPhysicalMemory="31223"
	LogicalProcessorsPerPhysical="2"
	ProcessorClockFrequency="3514.91"
	>
	<Testing>
		<StartDateTime>Jul 06 17:54 CEST</StartDateTime>
		<StartTestTime>1783353299</StartTestTime>
		<TestList/>
		<EndDateTime>Jul 06 17:54 CEST</EndDateTime>
		<EndTestTime>1783353299</EndTestTime>
		<ElapsedMinutes>0</ElapsedMinutes>
	</Testing>
</Site>
